<?xml version="1.0" encoding="UTF-8"?>
<!-- Generated by org.testng.reporters.JUnitReportReporter -->
<testsuite skipped="0" hostname="Sadias-Lappy" name="test.LoginTest" tests="1" failures="0" timestamp="2021-06-26T23:17:56 EDT" time="5.685" errors="0">
  <testcase name="validUserShouldBeAbleToLogin" time="5.685" classname="test.LoginTest"/>
  <system-out/>
</testsuite> <!-- test.LoginTest -->
